[ 29.11.2015 - 16:20:30 ]
    (MSG) [2] in SMILExtract : openSMILE starting!
[ 29.11.2015 - 16:20:30 ]
    (MSG) [2] in SMILExtract : config file is: MyConfig/prosodyShs.conf
[ 29.11.2015 - 16:20:30 ]
    (MSG) [2] in cComponentManager : successfully registered 95 component types.
[ 29.11.2015 - 16:20:30 ]
    (WARN) [2] in instance 'shs' : Requested input field matching pattern '*Mag_logScale*' not found, check your config! Defaulting to use first field. Available fields:
  Field name & dimension:
    pcm_fftMag_octScale 257
==> LEVEL 'wave'  +++  Buffersize(frames) = 16001  +++  nReaders = 1
     Period(in seconds) = 0.000125 	 frameSize(in seconds) = 0.000125 (last: 0.000000)
     BlocksizeRead(frames) = 480 	 BlocksizeWrite(frames) = 8000
     Number of elements: 1 	 Number of fields: 1
     type = float   noHang = 1   isRingbuffer(isRb) = 1   growDyn = 0
     Fields: index (range) : fieldname[array indicies]  (# elements)
       0.       : pcm
     Fields with info struct set: (index (range) : info struct size in bytes (dt = datatype))
==> LEVEL 'outp'  +++  Buffersize(frames) = 3  +++  nReaders = 2
     Period(in seconds) = 0.010000 	 frameSize(in seconds) = 0.050000 (last: 0.000000)
     BlocksizeRead(frames) = 1 	 BlocksizeWrite(frames) = 1
     Number of elements: 400 	 Number of fields: 1
     type = float   noHang = 1   isRingbuffer(isRb) = 1   growDyn = 0
     Fields: index (range) : fieldname[array indicies]  (# elements)
       0. - 399. : pcm[0-399]  (400)
     Fields with info struct set: (index (range) : info struct size in bytes (dt = datatype))
==> LEVEL 'intens'  +++  Buffersize(frames) = 6  +++  nReaders = 1
     Period(in seconds) = 0.010000 	 frameSize(in seconds) = 0.050000 (last: 0.000000)
     BlocksizeRead(frames) = 4 	 BlocksizeWrite(frames) = 1
     Number of elements: 1 	 Number of fields: 1
     type = float   noHang = 1   isRingbuffer(isRb) = 1   growDyn = 0
     Fields: index (range) : fieldname[array indicies]  (# elements)
       0.       : pcm_loudness
     Fields with info struct set: (index (range) : info struct size in bytes (dt = datatype))
==> LEVEL 'win'  +++  Buffersize(frames) = 3  +++  nReaders = 1
     Period(in seconds) = 0.010000 	 frameSize(in seconds) = 0.050000 (last: 0.000000)
     BlocksizeRead(frames) = 1 	 BlocksizeWrite(frames) = 1
     Number of elements: 400 	 Number of fields: 1
     type = float   noHang = 1   isRingbuffer(isRb) = 1   growDyn = 0
     Fields: index (range) : fieldname[array indicies]  (# elements)
       0. - 399. : pcm[0-399]  (400)
     Fields with info struct set: (index (range) : info struct size in bytes (dt = datatype))
==> LEVEL 'fftc'  +++  Buffersize(frames) = 3  +++  nReaders = 1
     Period(in seconds) = 0.010000 	 frameSize(in seconds) = 0.064000 (last: 0.050000)
     BlocksizeRead(frames) = 1 	 BlocksizeWrite(frames) = 1
     Number of elements: 512 	 Number of fields: 1
     type = float   noHang = 1   isRingbuffer(isRb) = 1   growDyn = 0
     Fields: index (range) : fieldname[array indicies]  (# elements)
       0. - 511. : pcm[0-511]  (512)
     Fields with info struct set: (index (range) : info struct size in bytes (dt = datatype))
        0. - 511. : infoSize = 2056 (dt = 513)
==> LEVEL 'fftmag'  +++  Buffersize(frames) = 3  +++  nReaders = 1
     Period(in seconds) = 0.010000 	 frameSize(in seconds) = 0.064000 (last: 0.050000)
     BlocksizeRead(frames) = 1 	 BlocksizeWrite(frames) = 1
     Number of elements: 257 	 Number of fields: 1
     type = float   noHang = 1   isRingbuffer(isRb) = 1   growDyn = 0
     Fields: index (range) : fieldname[array indicies]  (# elements)
       0. - 256. : pcm_fftMag[0-256]  (257)
     Fields with info struct set: (index (range) : info struct size in bytes (dt = datatype))
        0. - 256. : infoSize = 2056 (dt = 514)
==> LEVEL 'hps'  +++  Buffersize(frames) = 3  +++  nReaders = 1
     Period(in seconds) = 0.010000 	 frameSize(in seconds) = 0.064000 (last: 0.050000)
     BlocksizeRead(frames) = 1 	 BlocksizeWrite(frames) = 1
     Number of elements: 257 	 Number of fields: 1
     type = float   noHang = 1   isRingbuffer(isRb) = 1   growDyn = 0
     Fields: index (range) : fieldname[array indicies]  (# elements)
       0. - 256. : pcm_fftMag_octScale[0-256]  (257)
     Fields with info struct set: (index (range) : info struct size in bytes (dt = datatype))
        0. - 256. : infoSize = 2056 (dt = 514)
==> LEVEL 'pitchShs'  +++  Buffersize(frames) = 3  +++  nReaders = 1
     Period(in seconds) = 0.010000 	 frameSize(in seconds) = 0.064000 (last: 0.050000)
     BlocksizeRead(frames) = 1 	 BlocksizeWrite(frames) = 1
     Number of elements: 15 	 Number of fields: 6
     type = float   noHang = 1   isRingbuffer(isRb) = 1   growDyn = 0
     Fields: index (range) : fieldname[array indicies]  (# elements)
       0.       : nCandidates
       1. -  4. : F0Cand[0-3]  (4)
       5. -  8. : candVoicing[0-3]  (4)
       9. - 12. : candScores[0-3]  (4)
      13.       : F0raw
      14.       : voicingClip
     Fields with info struct set: (index (range) : info struct size in bytes (dt = datatype))
==> LEVEL 'pitch'  +++  Buffersize(frames) = 6  +++  nReaders = 1
     Period(in seconds) = 0.010000 	 frameSize(in seconds) = 0.064000 (last: 0.050000)
     BlocksizeRead(frames) = 4 	 BlocksizeWrite(frames) = 1
     Number of elements: 2 	 Number of fields: 2
     type = float   noHang = 1   isRingbuffer(isRb) = 1   growDyn = 0
     Fields: index (range) : fieldname[array indicies]  (# elements)
       0.       : F0final
       1.       : voicingFinalUnclipped
     Fields with info struct set: (index (range) : info struct size in bytes (dt = datatype))
==> LEVEL 'smo'  +++  Buffersize(frames) = 3  +++  nReaders = 1
     Period(in seconds) = 0.010000 	 frameSize(in seconds) = 0.064000 (last: 0.050000)
     BlocksizeRead(frames) = 1 	 BlocksizeWrite(frames) = 1
     Number of elements: 3 	 Number of fields: 3
     type = float   noHang = 1   isRingbuffer(isRb) = 1   growDyn = 0
     Fields: index (range) : fieldname[array indicies]  (# elements)
       0.       : F0final_sma
       1.       : voicingFinalUnclipped_sma
       2.       : pcm_loudness_sma
     Fields with info struct set: (index (range) : info struct size in bytes (dt = datatype))
[ 29.11.2015 - 16:20:30 ]
    (MSG) [2] in cComponentManager : successfully finished createInstances
                                 (11 component instances were finalised, 1 data memories were finalised)
[ 29.11.2015 - 16:20:30 ]
    (MSG) [2] in cComponentManager : starting single thread processing loop
[ 29.11.2015 - 16:20:30 ]
    (MSG) [2] in cComponentManager : Processing finished! System ran for 1001 ticks.
