This file contains any messages produced by compilers while
running configure, to aid debugging if configure makes a mistake.

It was created by openSMILE configure 2.0.0, which was
generated by GNU Autoconf 2.69.  Invocation command line was

  $ ./configure 

## --------- ##
## Platform. ##
## --------- ##

hostname = Scarlet
uname -m = x86_64
uname -r = 3.19.0-33-generic
uname -s = Linux
uname -v = #38~14.04.1-Ubuntu SMP Fri Nov 6 18:17:28 UTC 2015

/usr/bin/uname -p = unknown
/bin/uname -X     = unknown

/bin/arch              = unknown
/usr/bin/arch -k       = unknown
/usr/convex/getsysinfo = unknown
/usr/bin/hostinfo      = unknown
/bin/machine           = unknown
/usr/bin/oslevel       = unknown
/bin/universe          = unknown

PATH: /home/euan/Virtenvs/speech_personality/bin
PATH: /home/euan/anaconda2/bin
PATH: /usr/local/sbin
PATH: /usr/local/bin
PATH: /usr/sbin
PATH: /usr/bin
PATH: /sbin
PATH: /bin
PATH: /usr/games
PATH: /usr/local/games


## ----------- ##
## Core tests. ##
## ----------- ##

configure:2518: checking for a BSD-compatible install
configure:2586: result: /usr/bin/install -c
configure:2597: checking whether build environment is sane
configure:2652: result: yes
configure:2803: checking for a thread-safe mkdir -p
configure:2842: result: /bin/mkdir -p
configure:2849: checking for gawk
configure:2879: result: no
configure:2849: checking for mawk
configure:2865: found /usr/bin/mawk
configure:2876: result: mawk
configure:2887: checking whether make sets $(MAKE)
configure:2909: result: yes
configure:2938: checking whether make supports nested variables
configure:2955: result: yes
configure:3131: checking for gcc
configure:3147: found /usr/bin/gcc
configure:3158: result: gcc
configure:3387: checking for C compiler version
configure:3396: gcc --version >&5
gcc (Ubuntu 4.8.4-2ubuntu1~14.04) 4.8.4
Copyright (C) 2013 Free Software Foundation, Inc.
This is free software; see the source for copying conditions.  There is NO
warranty; not even for MERCHANTABILITY or FITNESS FOR A PARTICULAR PURPOSE.

configure:3407: $? = 0
configure:3396: gcc -v >&5
Using built-in specs.
COLLECT_GCC=gcc
COLLECT_LTO_WRAPPER=/usr/lib/gcc/x86_64-linux-gnu/4.8/lto-wrapper
Target: x86_64-linux-gnu
Configured with: ../src/configure -v --with-pkgversion='Ubuntu 4.8.4-2ubuntu1~14.04' --with-bugurl=file:///usr/share/doc/gcc-4.8/README.Bugs --enable-languages=c,c++,java,go,d,fortran,objc,obj-c++ --prefix=/usr --program-suffix=-4.8 --enable-shared --enable-linker-build-id --libexecdir=/usr/lib --without-included-gettext --enable-threads=posix --with-gxx-include-dir=/usr/include/c++/4.8 --libdir=/usr/lib --enable-nls --with-sysroot=/ --enable-clocale=gnu --enable-libstdcxx-debug --enable-libstdcxx-time=yes --enable-gnu-unique-object --disable-libmudflap --enable-plugin --with-system-zlib --disable-browser-plugin --enable-java-awt=gtk --enable-gtk-cairo --with-java-home=/usr/lib/jvm/java-1.5.0-gcj-4.8-amd64/jre --enable-java-home --with-jvm-root-dir=/usr/lib/jvm/java-1.5.0-gcj-4.8-amd64 --with-jvm-jar-dir=/usr/lib/jvm-exports/java-1.5.0-gcj-4.8-amd64 --with-arch-directory=amd64 --with-ecj-jar=/usr/share/java/eclipse-ecj.jar --enable-objc-gc --enable-multiarch --disable-werror --with-arch-32=i686 --with-abi=m64 --with-multilib-list=m32,m64,mx32 --with-tune=generic --enable-checking=release --build=x86_64-linux-gnu --host=x86_64-linux-gnu --target=x86_64-linux-gnu
Thread model: posix
gcc version 4.8.4 (Ubuntu 4.8.4-2ubuntu1~14.04) 
configure:3407: $? = 0
configure:3396: gcc -V >&5
gcc: error: unrecognized command line option '-V'
gcc: fatal error: no input files
compilation terminated.
configure:3407: $? = 4
configure:3396: gcc -qversion >&5
gcc: error: unrecognized command line option '-qversion'
gcc: fatal error: no input files
compilation terminated.
configure:3407: $? = 4
configure:3427: checking whether the C compiler works
configure:3449: gcc    conftest.c  >&5
configure:3453: $? = 0
configure:3501: result: yes
configure:3504: checking for C compiler default output file name
configure:3506: result: a.out
configure:3512: checking for suffix of executables
configure:3519: gcc -o conftest    conftest.c  >&5
configure:3523: $? = 0
configure:3545: result: 
configure:3567: checking whether we are cross compiling
configure:3575: gcc -o conftest    conftest.c  >&5
configure:3579: $? = 0
configure:3586: ./conftest
configure:3590: $? = 0
configure:3605: result: no
configure:3610: checking for suffix of object files
configure:3632: gcc -c   conftest.c >&5
configure:3636: $? = 0
configure:3657: result: o
configure:3661: checking whether we are using the GNU C compiler
configure:3680: gcc -c   conftest.c >&5
configure:3680: $? = 0
configure:3689: result: yes
configure:3698: checking whether gcc accepts -g
configure:3718: gcc -c -g  conftest.c >&5
configure:3718: $? = 0
configure:3759: result: yes
configure:3776: checking for gcc option to accept ISO C89
configure:3839: gcc  -c -g -O2  conftest.c >&5
configure:3839: $? = 0
configure:3852: result: none needed
configure:3877: checking whether gcc understands -c and -o together
configure:3899: gcc -c conftest.c -o conftest2.o
configure:3902: $? = 0
configure:3899: gcc -c conftest.c -o conftest2.o
configure:3902: $? = 0
configure:3914: result: yes
configure:3942: checking for style of include used by make
configure:3970: result: GNU
configure:3996: checking dependency style of gcc
configure:4107: result: gcc3
configure:4180: checking for g++
configure:4196: found /usr/bin/g++
configure:4207: result: g++
configure:4234: checking for C++ compiler version
configure:4243: g++ --version >&5
g++ (Ubuntu 4.8.4-2ubuntu1~14.04) 4.8.4
Copyright (C) 2013 Free Software Foundation, Inc.
This is free software; see the source for copying conditions.  There is NO
warranty; not even for MERCHANTABILITY or FITNESS FOR A PARTICULAR PURPOSE.

configure:4254: $? = 0
configure:4243: g++ -v >&5
Using built-in specs.
COLLECT_GCC=g++
COLLECT_LTO_WRAPPER=/usr/lib/gcc/x86_64-linux-gnu/4.8/lto-wrapper
Target: x86_64-linux-gnu
Configured with: ../src/configure -v --with-pkgversion='Ubuntu 4.8.4-2ubuntu1~14.04' --with-bugurl=file:///usr/share/doc/gcc-4.8/README.Bugs --enable-languages=c,c++,java,go,d,fortran,objc,obj-c++ --prefix=/usr --program-suffix=-4.8 --enable-shared --enable-linker-build-id --libexecdir=/usr/lib --without-included-gettext --enable-threads=posix --with-gxx-include-dir=/usr/include/c++/4.8 --libdir=/usr/lib --enable-nls --with-sysroot=/ --enable-clocale=gnu --enable-libstdcxx-debug --enable-libstdcxx-time=yes --enable-gnu-unique-object --disable-libmudflap --enable-plugin --with-system-zlib --disable-browser-plugin --enable-java-awt=gtk --enable-gtk-cairo --with-java-home=/usr/lib/jvm/java-1.5.0-gcj-4.8-amd64/jre --enable-java-home --with-jvm-root-dir=/usr/lib/jvm/java-1.5.0-gcj-4.8-amd64 --with-jvm-jar-dir=/usr/lib/jvm-exports/java-1.5.0-gcj-4.8-amd64 --with-arch-directory=amd64 --with-ecj-jar=/usr/share/java/eclipse-ecj.jar --enable-objc-gc --enable-multiarch --disable-werror --with-arch-32=i686 --with-abi=m64 --with-multilib-list=m32,m64,mx32 --with-tune=generic --enable-checking=release --build=x86_64-linux-gnu --host=x86_64-linux-gnu --target=x86_64-linux-gnu
Thread model: posix
gcc version 4.8.4 (Ubuntu 4.8.4-2ubuntu1~14.04) 
configure:4254: $? = 0
configure:4243: g++ -V >&5
g++: error: unrecognized command line option '-V'
g++: fatal error: no input files
compilation terminated.
configure:4254: $? = 4
configure:4243: g++ -qversion >&5
g++: error: unrecognized command line option '-qversion'
g++: fatal error: no input files
compilation terminated.
configure:4254: $? = 4
configure:4258: checking whether we are using the GNU C++ compiler
configure:4277: g++ -c   conftest.cpp >&5
configure:4277: $? = 0
configure:4286: result: yes
configure:4295: checking whether g++ accepts -g
configure:4315: g++ -c -g  conftest.cpp >&5
configure:4315: $? = 0
configure:4356: result: yes
configure:4381: checking dependency style of g++
configure:4492: result: gcc3
configure:4537: checking build system type
configure:4551: result: x86_64-unknown-linux-gnu
configure:4571: checking host system type
configure:4584: result: x86_64-unknown-linux-gnu
configure:4625: checking how to print strings
configure:4652: result: printf
configure:4673: checking for a sed that does not truncate output
configure:4737: result: /bin/sed
configure:4755: checking for grep that handles long lines and -e
configure:4813: result: /bin/grep
configure:4818: checking for egrep
configure:4880: result: /bin/grep -E
configure:4885: checking for fgrep
configure:4947: result: /bin/grep -F
configure:4982: checking for ld used by gcc
configure:5049: result: /usr/bin/ld
configure:5056: checking if the linker (/usr/bin/ld) is GNU ld
configure:5071: result: yes
configure:5083: checking for BSD- or MS-compatible name lister (nm)
configure:5132: result: /usr/bin/nm -B
configure:5262: checking the name lister (/usr/bin/nm -B) interface
configure:5269: gcc -c -g -O2  conftest.c >&5
configure:5272: /usr/bin/nm -B "conftest.o"
configure:5275: output
0000000000000000 B some_variable
configure:5282: result: BSD nm
configure:5285: checking whether ln -s works
configure:5289: result: yes
configure:5297: checking the maximum length of command line arguments
configure:5428: result: 1572864
configure:5445: checking whether the shell understands some XSI constructs
configure:5455: result: yes
configure:5459: checking whether the shell understands "+="
configure:5465: result: yes
configure:5500: checking how to convert x86_64-unknown-linux-gnu file names to x86_64-unknown-linux-gnu format
configure:5540: result: func_convert_file_noop
configure:5547: checking how to convert x86_64-unknown-linux-gnu file names to toolchain format
configure:5567: result: func_convert_file_noop
configure:5574: checking for /usr/bin/ld option to reload object files
configure:5581: result: -r
configure:5655: checking for objdump
configure:5671: found /usr/bin/objdump
configure:5682: result: objdump
configure:5714: checking how to recognize dependent libraries
configure:5912: result: pass_all
configure:5997: checking for dlltool
configure:6027: result: no
configure:6057: checking how to associate runtime and link libraries
configure:6084: result: printf %s\n
configure:6145: checking for ar
configure:6161: found /usr/bin/ar
configure:6172: result: ar
configure:6209: checking for archiver @FILE support
configure:6226: gcc -c -g -O2  conftest.c >&5
configure:6226: $? = 0
configure:6229: ar cru libconftest.a @conftest.lst >&5
configure:6232: $? = 0
configure:6237: ar cru libconftest.a @conftest.lst >&5
ar: conftest.o: No such file or directory
configure:6240: $? = 1
configure:6252: result: @
configure:6310: checking for strip
configure:6326: found /usr/bin/strip
configure:6337: result: strip
configure:6409: checking for ranlib
configure:6425: found /usr/bin/ranlib
configure:6436: result: ranlib
configure:6538: checking command to parse /usr/bin/nm -B output from gcc object
configure:6658: gcc -c -g -O2  conftest.c >&5
configure:6661: $? = 0
configure:6665: /usr/bin/nm -B conftest.o \| sed -n -e 's/^.*[ ]\([ABCDGIRSTW][ABCDGIRSTW]*\)[ ][ ]*\([_A-Za-z][_A-Za-z0-9]*\)$/\1 \2 \2/p' | sed '/ __gnu_lto/d' \> conftest.nm
configure:6668: $? = 0
configure:6734: gcc -o conftest -g -O2   conftest.c conftstm.o >&5
configure:6737: $? = 0
configure:6775: result: ok
configure:6812: checking for sysroot
configure:6842: result: no
configure:6919: gcc -c -g -O2  conftest.c >&5
configure:6922: $? = 0
configure:7111: checking for mt
configure:7127: found /bin/mt
configure:7138: result: mt
configure:7161: checking if mt is a manifest tool
configure:7167: mt '-?'
configure:7175: result: no
configure:7817: checking how to run the C preprocessor
configure:7848: gcc -E  conftest.c
configure:7848: $? = 0
configure:7862: gcc -E  conftest.c
conftest.c:11:28: fatal error: ac_nonexistent.h: No such file or directory
 #include <ac_nonexistent.h>
                            ^
compilation terminated.
configure:7862: $? = 1
configure: failed program was:
| /* confdefs.h */
| #define PACKAGE_NAME "openSMILE"
| #define PACKAGE_TARNAME "opensmile"
| #define PACKAGE_VERSION "2.0.0"
| #define PACKAGE_STRING "openSMILE 2.0.0"
| #define PACKAGE_BUGREPORT ""
| #define PACKAGE_URL ""
| #define PACKAGE "opensmile"
| #define VERSION "2.0.0"
| /* end confdefs.h.  */
| #include <ac_nonexistent.h>
configure:7887: result: gcc -E
configure:7907: gcc -E  conftest.c
configure:7907: $? = 0
configure:7921: gcc -E  conftest.c
conftest.c:11:28: fatal error: ac_nonexistent.h: No such file or directory
 #include <ac_nonexistent.h>
                            ^
compilation terminated.
configure:7921: $? = 1
configure: failed program was:
| /* confdefs.h */
| #define PACKAGE_NAME "openSMILE"
| #define PACKAGE_TARNAME "opensmile"
| #define PACKAGE_VERSION "2.0.0"
| #define PACKAGE_STRING "openSMILE 2.0.0"
| #define PACKAGE_BUGREPORT ""
| #define PACKAGE_URL ""
| #define PACKAGE "opensmile"
| #define VERSION "2.0.0"
| /* end confdefs.h.  */
| #include <ac_nonexistent.h>
configure:7950: checking for ANSI C header files
configure:7970: gcc -c -g -O2  conftest.c >&5
configure:7970: $? = 0
configure:8043: gcc -o conftest -g -O2   conftest.c  >&5
configure:8043: $? = 0
configure:8043: ./conftest
configure:8043: $? = 0
configure:8054: result: yes
configure:8067: checking for sys/types.h
configure:8067: gcc -c -g -O2  conftest.c >&5
configure:8067: $? = 0
configure:8067: result: yes
configure:8067: checking for sys/stat.h
configure:8067: gcc -c -g -O2  conftest.c >&5
configure:8067: $? = 0
configure:8067: result: yes
configure:8067: checking for stdlib.h
configure:8067: gcc -c -g -O2  conftest.c >&5
configure:8067: $? = 0
configure:8067: result: yes
configure:8067: checking for string.h
configure:8067: gcc -c -g -O2  conftest.c >&5
configure:8067: $? = 0
configure:8067: result: yes
configure:8067: checking for memory.h
configure:8067: gcc -c -g -O2  conftest.c >&5
configure:8067: $? = 0
configure:8067: result: yes
configure:8067: checking for strings.h
configure:8067: gcc -c -g -O2  conftest.c >&5
configure:8067: $? = 0
configure:8067: result: yes
configure:8067: checking for inttypes.h
configure:8067: gcc -c -g -O2  conftest.c >&5
configure:8067: $? = 0
configure:8067: result: yes
configure:8067: checking for stdint.h
configure:8067: gcc -c -g -O2  conftest.c >&5
configure:8067: $? = 0
configure:8067: result: yes
configure:8067: checking for unistd.h
configure:8067: gcc -c -g -O2  conftest.c >&5
configure:8067: $? = 0
configure:8067: result: yes
configure:8081: checking for dlfcn.h
configure:8081: gcc -c -g -O2  conftest.c >&5
configure:8081: $? = 0
configure:8081: result: yes
configure:8298: checking for objdir
configure:8313: result: .libs
configure:8584: checking if gcc supports -fno-rtti -fno-exceptions
configure:8602: gcc -c -g -O2  -fno-rtti -fno-exceptions conftest.c >&5
cc1: warning: command line option '-fno-rtti' is valid for C++/ObjC++ but not for C [enabled by default]
configure:8606: $? = 0
configure:8619: result: no
configure:8946: checking for gcc option to produce PIC
configure:8953: result: -fPIC -DPIC
configure:8961: checking if gcc PIC flag -fPIC -DPIC works
configure:8979: gcc -c -g -O2  -fPIC -DPIC -DPIC conftest.c >&5
configure:8983: $? = 0
configure:8996: result: yes
configure:9025: checking if gcc static flag -static works
configure:9053: result: yes
configure:9068: checking if gcc supports -c -o file.o
configure:9089: gcc -c -g -O2  -o out/conftest2.o conftest.c >&5
configure:9093: $? = 0
configure:9115: result: yes
configure:9123: checking if gcc supports -c -o file.o
configure:9170: result: yes
configure:9203: checking whether the gcc linker (/usr/bin/ld -m elf_x86_64) supports shared libraries
configure:10360: result: yes
configure:10397: checking whether -lc should be explicitly linked in
configure:10405: gcc -c -g -O2  conftest.c >&5
configure:10408: $? = 0
configure:10423: gcc -shared  -fPIC -DPIC conftest.o  -v -Wl,-soname -Wl,conftest -o conftest 2\>\&1 \| /bin/grep  -lc  \>/dev/null 2\>\&1
configure:10426: $? = 0
configure:10440: result: no
configure:10600: checking dynamic linker characteristics
configure:11100: gcc -o conftest -g -O2   -Wl,-rpath -Wl,/foo conftest.c  >&5
configure:11100: $? = 0
configure:11334: result: GNU/Linux ld.so
configure:11441: checking how to hardcode library paths into programs
configure:11466: result: immediate
configure:12006: checking whether stripping libraries is possible
configure:12011: result: yes
configure:12046: checking if libtool supports shared libraries
configure:12048: result: yes
configure:12051: checking whether to build shared libraries
configure:12072: result: yes
configure:12075: checking whether to build static libraries
configure:12079: result: yes
configure:12102: checking how to run the C++ preprocessor
configure:12129: g++ -E  conftest.cpp
configure:12129: $? = 0
configure:12143: g++ -E  conftest.cpp
conftest.cpp:23:28: fatal error: ac_nonexistent.h: No such file or directory
 #include <ac_nonexistent.h>
                            ^
compilation terminated.
configure:12143: $? = 1
configure: failed program was:
| /* confdefs.h */
| #define PACKAGE_NAME "openSMILE"
| #define PACKAGE_TARNAME "opensmile"
| #define PACKAGE_VERSION "2.0.0"
| #define PACKAGE_STRING "openSMILE 2.0.0"
| #define PACKAGE_BUGREPORT ""
| #define PACKAGE_URL ""
| #define PACKAGE "opensmile"
| #define VERSION "2.0.0"
| #define STDC_HEADERS 1
| #define HAVE_SYS_TYPES_H 1
| #define HAVE_SYS_STAT_H 1
| #define HAVE_STDLIB_H 1
| #define HAVE_STRING_H 1
| #define HAVE_MEMORY_H 1
| #define HAVE_STRINGS_H 1
| #define HAVE_INTTYPES_H 1
| #define HAVE_STDINT_H 1
| #define HAVE_UNISTD_H 1
| #define HAVE_DLFCN_H 1
| #define LT_OBJDIR ".libs/"
| /* end confdefs.h.  */
| #include <ac_nonexistent.h>
configure:12168: result: g++ -E
configure:12188: g++ -E  conftest.cpp
configure:12188: $? = 0
configure:12202: g++ -E  conftest.cpp
conftest.cpp:23:28: fatal error: ac_nonexistent.h: No such file or directory
 #include <ac_nonexistent.h>
                            ^
compilation terminated.
configure:12202: $? = 1
configure: failed program was:
| /* confdefs.h */
| #define PACKAGE_NAME "openSMILE"
| #define PACKAGE_TARNAME "opensmile"
| #define PACKAGE_VERSION "2.0.0"
| #define PACKAGE_STRING "openSMILE 2.0.0"
| #define PACKAGE_BUGREPORT ""
| #define PACKAGE_URL ""
| #define PACKAGE "opensmile"
| #define VERSION "2.0.0"
| #define STDC_HEADERS 1
| #define HAVE_SYS_TYPES_H 1
| #define HAVE_SYS_STAT_H 1
| #define HAVE_STDLIB_H 1
| #define HAVE_STRING_H 1
| #define HAVE_MEMORY_H 1
| #define HAVE_STRINGS_H 1
| #define HAVE_INTTYPES_H 1
| #define HAVE_STDINT_H 1
| #define HAVE_UNISTD_H 1
| #define HAVE_DLFCN_H 1
| #define LT_OBJDIR ".libs/"
| /* end confdefs.h.  */
| #include <ac_nonexistent.h>
configure:12371: checking for ld used by g++
configure:12438: result: /usr/bin/ld -m elf_x86_64
configure:12445: checking if the linker (/usr/bin/ld -m elf_x86_64) is GNU ld
configure:12460: result: yes
configure:12515: checking whether the g++ linker (/usr/bin/ld -m elf_x86_64) supports shared libraries
configure:13517: result: yes
configure:13553: g++ -c -g -O2  conftest.cpp >&5
configure:13556: $? = 0
configure:14076: checking for g++ option to produce PIC
configure:14083: result: -fPIC -DPIC
configure:14091: checking if g++ PIC flag -fPIC -DPIC works
configure:14109: g++ -c -g -O2  -fPIC -DPIC -DPIC conftest.cpp >&5
configure:14113: $? = 0
configure:14126: result: yes
configure:14149: checking if g++ static flag -static works
configure:14177: result: yes
configure:14189: checking if g++ supports -c -o file.o
configure:14210: g++ -c -g -O2  -o out/conftest2.o conftest.cpp >&5
configure:14214: $? = 0
configure:14236: result: yes
configure:14241: checking if g++ supports -c -o file.o
configure:14288: result: yes
configure:14318: checking whether the g++ linker (/usr/bin/ld -m elf_x86_64) supports shared libraries
configure:14357: result: yes
configure:14498: checking dynamic linker characteristics
configure:15166: result: GNU/Linux ld.so
configure:15219: checking how to hardcode library paths into programs
configure:15244: result: immediate
configure:15340: checking for libsemaineapi
configure:15361: result: no
configure:15363: WARNING: LibSemaineAPI not found!! Configuring only standalone feature extractor
configure:15451: checking for Pa_Initialize in -lportaudio
configure:15476: gcc -o conftest -g -O2   conftest.c -lportaudio   >&5
/usr/bin/ld: cannot find -lportaudio
collect2: error: ld returned 1 exit status
configure:15476: $? = 1
configure: failed program was:
| /* confdefs.h */
| #define PACKAGE_NAME "openSMILE"
| #define PACKAGE_TARNAME "opensmile"
| #define PACKAGE_VERSION "2.0.0"
| #define PACKAGE_STRING "openSMILE 2.0.0"
| #define PACKAGE_BUGREPORT ""
| #define PACKAGE_URL ""
| #define PACKAGE "opensmile"
| #define VERSION "2.0.0"
| #define STDC_HEADERS 1
| #define HAVE_SYS_TYPES_H 1
| #define HAVE_SYS_STAT_H 1
| #define HAVE_STDLIB_H 1
| #define HAVE_STRING_H 1
| #define HAVE_MEMORY_H 1
| #define HAVE_STRINGS_H 1
| #define HAVE_INTTYPES_H 1
| #define HAVE_STDINT_H 1
| #define HAVE_UNISTD_H 1
| #define HAVE_DLFCN_H 1
| #define LT_OBJDIR ".libs/"
| /* end confdefs.h.  */
| 
| /* Override any GCC internal prototype to avoid an error.
|    Use char because int might match the return type of a GCC
|    builtin and then its argument prototype would still apply.  */
| #ifdef __cplusplus
| extern "C"
| #endif
| char Pa_Initialize ();
| int
| main ()
| {
| return Pa_Initialize ();
|   ;
|   return 0;
| }
configure:15485: result: no
configure:15496: checking for Pa_GetHostApiCount in -lportaudio
configure:15521: gcc -o conftest -g -O2   conftest.c -lportaudio   >&5
/usr/bin/ld: cannot find -lportaudio
collect2: error: ld returned 1 exit status
configure:15521: $? = 1
configure: failed program was:
| /* confdefs.h */
| #define PACKAGE_NAME "openSMILE"
| #define PACKAGE_TARNAME "opensmile"
| #define PACKAGE_VERSION "2.0.0"
| #define PACKAGE_STRING "openSMILE 2.0.0"
| #define PACKAGE_BUGREPORT ""
| #define PACKAGE_URL ""
| #define PACKAGE "opensmile"
| #define VERSION "2.0.0"
| #define STDC_HEADERS 1
| #define HAVE_SYS_TYPES_H 1
| #define HAVE_SYS_STAT_H 1
| #define HAVE_STDLIB_H 1
| #define HAVE_STRING_H 1
| #define HAVE_MEMORY_H 1
| #define HAVE_STRINGS_H 1
| #define HAVE_INTTYPES_H 1
| #define HAVE_STDINT_H 1
| #define HAVE_UNISTD_H 1
| #define HAVE_DLFCN_H 1
| #define LT_OBJDIR ".libs/"
| /* end confdefs.h.  */
| 
| /* Override any GCC internal prototype to avoid an error.
|    Use char because int might match the return type of a GCC
|    builtin and then its argument prototype would still apply.  */
| #ifdef __cplusplus
| extern "C"
| #endif
| char Pa_GetHostApiCount ();
| int
| main ()
| {
| return Pa_GetHostApiCount ();
|   ;
|   return 0;
| }
configure:15530: result: no
configure:15564: WARNING: Compiling WITHOUT PortAudio support!! Sound recording will probably be broken!
configure:15897: checking for the pthreads library -lpthreads
configure:15930: gcc -o conftest -g -O2    conftest.c -lpthreads  >&5
conftest.c: In function 'main':
conftest.c:28:22: warning: null argument where non-null required (argument 1) [-Wnonnull]
                      pthread_attr_init(0); pthread_cleanup_push(0, 0);
                      ^
conftest.c:29:22: warning: null argument where non-null required (argument 1) [-Wnonnull]
                      pthread_create(0,0,0,0); pthread_cleanup_pop(0);
                      ^
conftest.c:29:22: warning: null argument where non-null required (argument 3) [-Wnonnull]
/usr/bin/ld: cannot find -lpthreads
collect2: error: ld returned 1 exit status
configure:15930: $? = 1
configure: failed program was:
| /* confdefs.h */
| #define PACKAGE_NAME "openSMILE"
| #define PACKAGE_TARNAME "opensmile"
| #define PACKAGE_VERSION "2.0.0"
| #define PACKAGE_STRING "openSMILE 2.0.0"
| #define PACKAGE_BUGREPORT ""
| #define PACKAGE_URL ""
| #define PACKAGE "opensmile"
| #define VERSION "2.0.0"
| #define STDC_HEADERS 1
| #define HAVE_SYS_TYPES_H 1
| #define HAVE_SYS_STAT_H 1
| #define HAVE_STDLIB_H 1
| #define HAVE_STRING_H 1
| #define HAVE_MEMORY_H 1
| #define HAVE_STRINGS_H 1
| #define HAVE_INTTYPES_H 1
| #define HAVE_STDINT_H 1
| #define HAVE_UNISTD_H 1
| #define HAVE_DLFCN_H 1
| #define LT_OBJDIR ".libs/"
| /* end confdefs.h.  */
| #include <pthread.h>
| int
| main ()
| {
| pthread_t th; pthread_join(th, 0);
|                      pthread_attr_init(0); pthread_cleanup_push(0, 0);
|                      pthread_create(0,0,0,0); pthread_cleanup_pop(0);
|   ;
|   return 0;
| }
configure:15939: result: no
configure:15842: checking whether pthreads work without any flags
configure:15930: gcc -o conftest -g -O2    conftest.c   >&5
conftest.c: In function 'main':
conftest.c:28:22: warning: null argument where non-null required (argument 1) [-Wnonnull]
                      pthread_attr_init(0); pthread_cleanup_push(0, 0);
                      ^
conftest.c:29:22: warning: null argument where non-null required (argument 1) [-Wnonnull]
                      pthread_create(0,0,0,0); pthread_cleanup_pop(0);
                      ^
conftest.c:29:22: warning: null argument where non-null required (argument 3) [-Wnonnull]
/tmp/cckHNrXB.o: In function `main':
/home/euan/Documents/Speech_personality/speech_personality/openSMILE-2.1.0/conftest.c:27: undefined reference to `pthread_join'
/home/euan/Documents/Speech_personality/speech_personality/openSMILE-2.1.0/conftest.c:28: undefined reference to `__pthread_register_cancel'
/home/euan/Documents/Speech_personality/speech_personality/openSMILE-2.1.0/conftest.c:29: undefined reference to `pthread_create'
/home/euan/Documents/Speech_personality/speech_personality/openSMILE-2.1.0/conftest.c:29: undefined reference to `__pthread_unregister_cancel'
collect2: error: ld returned 1 exit status
configure:15930: $? = 1
configure: failed program was:
| /* confdefs.h */
| #define PACKAGE_NAME "openSMILE"
| #define PACKAGE_TARNAME "opensmile"
| #define PACKAGE_VERSION "2.0.0"
| #define PACKAGE_STRING "openSMILE 2.0.0"
| #define PACKAGE_BUGREPORT ""
| #define PACKAGE_URL ""
| #define PACKAGE "opensmile"
| #define VERSION "2.0.0"
| #define STDC_HEADERS 1
| #define HAVE_SYS_TYPES_H 1
| #define HAVE_SYS_STAT_H 1
| #define HAVE_STDLIB_H 1
| #define HAVE_STRING_H 1
| #define HAVE_MEMORY_H 1
| #define HAVE_STRINGS_H 1
| #define HAVE_INTTYPES_H 1
| #define HAVE_STDINT_H 1
| #define HAVE_UNISTD_H 1
| #define HAVE_DLFCN_H 1
| #define LT_OBJDIR ".libs/"
| /* end confdefs.h.  */
| #include <pthread.h>
| int
| main ()
| {
| pthread_t th; pthread_join(th, 0);
|                      pthread_attr_init(0); pthread_cleanup_push(0, 0);
|                      pthread_create(0,0,0,0); pthread_cleanup_pop(0);
|   ;
|   return 0;
| }
configure:15939: result: no
configure:15847: checking whether pthreads work with -Kthread
configure:15930: gcc -o conftest -g -O2 -Kthread   conftest.c   >&5
gcc: error: unrecognized command line option '-Kthread'
configure:15930: $? = 1
configure: failed program was:
| /* confdefs.h */
| #define PACKAGE_NAME "openSMILE"
| #define PACKAGE_TARNAME "opensmile"
| #define PACKAGE_VERSION "2.0.0"
| #define PACKAGE_STRING "openSMILE 2.0.0"
| #define PACKAGE_BUGREPORT ""
| #define PACKAGE_URL ""
| #define PACKAGE "opensmile"
| #define VERSION "2.0.0"
| #define STDC_HEADERS 1
| #define HAVE_SYS_TYPES_H 1
| #define HAVE_SYS_STAT_H 1
| #define HAVE_STDLIB_H 1
| #define HAVE_STRING_H 1
| #define HAVE_MEMORY_H 1
| #define HAVE_STRINGS_H 1
| #define HAVE_INTTYPES_H 1
| #define HAVE_STDINT_H 1
| #define HAVE_UNISTD_H 1
| #define HAVE_DLFCN_H 1
| #define LT_OBJDIR ".libs/"
| /* end confdefs.h.  */
| #include <pthread.h>
| int
| main ()
| {
| pthread_t th; pthread_join(th, 0);
|                      pthread_attr_init(0); pthread_cleanup_push(0, 0);
|                      pthread_create(0,0,0,0); pthread_cleanup_pop(0);
|   ;
|   return 0;
| }
configure:15939: result: no
configure:15847: checking whether pthreads work with -kthread
configure:15930: gcc -o conftest -g -O2 -kthread   conftest.c   >&5
gcc: error: unrecognized command line option '-kthread'
configure:15930: $? = 1
configure: failed program was:
| /* confdefs.h */
| #define PACKAGE_NAME "openSMILE"
| #define PACKAGE_TARNAME "opensmile"
| #define PACKAGE_VERSION "2.0.0"
| #define PACKAGE_STRING "openSMILE 2.0.0"
| #define PACKAGE_BUGREPORT ""
| #define PACKAGE_URL ""
| #define PACKAGE "opensmile"
| #define VERSION "2.0.0"
| #define STDC_HEADERS 1
| #define HAVE_SYS_TYPES_H 1
| #define HAVE_SYS_STAT_H 1
| #define HAVE_STDLIB_H 1
| #define HAVE_STRING_H 1
| #define HAVE_MEMORY_H 1
| #define HAVE_STRINGS_H 1
| #define HAVE_INTTYPES_H 1
| #define HAVE_STDINT_H 1
| #define HAVE_UNISTD_H 1
| #define HAVE_DLFCN_H 1
| #define LT_OBJDIR ".libs/"
| /* end confdefs.h.  */
| #include <pthread.h>
| int
| main ()
| {
| pthread_t th; pthread_join(th, 0);
|                      pthread_attr_init(0); pthread_cleanup_push(0, 0);
|                      pthread_create(0,0,0,0); pthread_cleanup_pop(0);
|   ;
|   return 0;
| }
configure:15939: result: no
configure:15897: checking for the pthreads library -llthread
configure:15930: gcc -o conftest -g -O2    conftest.c -llthread  >&5
conftest.c: In function 'main':
conftest.c:28:22: warning: null argument where non-null required (argument 1) [-Wnonnull]
                      pthread_attr_init(0); pthread_cleanup_push(0, 0);
                      ^
conftest.c:29:22: warning: null argument where non-null required (argument 1) [-Wnonnull]
                      pthread_create(0,0,0,0); pthread_cleanup_pop(0);
                      ^
conftest.c:29:22: warning: null argument where non-null required (argument 3) [-Wnonnull]
/usr/bin/ld: cannot find -llthread
collect2: error: ld returned 1 exit status
configure:15930: $? = 1
configure: failed program was:
| /* confdefs.h */
| #define PACKAGE_NAME "openSMILE"
| #define PACKAGE_TARNAME "opensmile"
| #define PACKAGE_VERSION "2.0.0"
| #define PACKAGE_STRING "openSMILE 2.0.0"
| #define PACKAGE_BUGREPORT ""
| #define PACKAGE_URL ""
| #define PACKAGE "opensmile"
| #define VERSION "2.0.0"
| #define STDC_HEADERS 1
| #define HAVE_SYS_TYPES_H 1
| #define HAVE_SYS_STAT_H 1
| #define HAVE_STDLIB_H 1
| #define HAVE_STRING_H 1
| #define HAVE_MEMORY_H 1
| #define HAVE_STRINGS_H 1
| #define HAVE_INTTYPES_H 1
| #define HAVE_STDINT_H 1
| #define HAVE_UNISTD_H 1
| #define HAVE_DLFCN_H 1
| #define LT_OBJDIR ".libs/"
| /* end confdefs.h.  */
| #include <pthread.h>
| int
| main ()
| {
| pthread_t th; pthread_join(th, 0);
|                      pthread_attr_init(0); pthread_cleanup_push(0, 0);
|                      pthread_create(0,0,0,0); pthread_cleanup_pop(0);
|   ;
|   return 0;
| }
configure:15939: result: no
configure:15897: checking for the pthreads library -lpthread
configure:15930: gcc -o conftest -g -O2    conftest.c -lpthread  >&5
conftest.c: In function 'main':
conftest.c:28:22: warning: null argument where non-null required (argument 1) [-Wnonnull]
                      pthread_attr_init(0); pthread_cleanup_push(0, 0);
                      ^
conftest.c:29:22: warning: null argument where non-null required (argument 1) [-Wnonnull]
                      pthread_create(0,0,0,0); pthread_cleanup_pop(0);
                      ^
conftest.c:29:22: warning: null argument where non-null required (argument 3) [-Wnonnull]
configure:15930: $? = 0
configure:15939: result: yes
configure:15958: checking for joinable pthread attribute
configure:15973: gcc -o conftest -g -O2    conftest.c -lpthread  >&5
configure:15973: $? = 0
configure:15979: result: PTHREAD_CREATE_JOINABLE
configure:15989: checking if more special flags are required for pthreads
configure:15996: result: no
configure:16156: WARNING: Disabling target SEMAINExtract beacuse libsemaineapi was not found or is not useable
configure:16386: checking that generated files are newer than configure
configure:16392: result: done
configure:16443: creating ./config.status

## ---------------------- ##
## Running config.status. ##
## ---------------------- ##

This file was extended by openSMILE config.status 2.0.0, which was
generated by GNU Autoconf 2.69.  Invocation command line was

  CONFIG_FILES    = 
  CONFIG_HEADERS  = 
  CONFIG_LINKS    = 
  CONFIG_COMMANDS = 
  $ ./config.status 

on Scarlet

config.status:1176: creating Makefile
config.status:1176: creating config.h
config.status:1357: config.h is unchanged
config.status:1405: executing depfiles commands
config.status:1405: executing libtool commands

## ---------------- ##
## Cache variables. ##
## ---------------- ##

ac_cv_build=x86_64-unknown-linux-gnu
ac_cv_c_compiler_gnu=yes
ac_cv_cxx_compiler_gnu=yes
ac_cv_env_CCC_set=
ac_cv_env_CCC_value=
ac_cv_env_CC_set=
ac_cv_env_CC_value=
ac_cv_env_CFLAGS_set=
ac_cv_env_CFLAGS_value=
ac_cv_env_CPPFLAGS_set=
ac_cv_env_CPPFLAGS_value=
ac_cv_env_CPP_set=
ac_cv_env_CPP_value=
ac_cv_env_CXXCPP_set=
ac_cv_env_CXXCPP_value=
ac_cv_env_CXXFLAGS_set=
ac_cv_env_CXXFLAGS_value=
ac_cv_env_CXX_set=
ac_cv_env_CXX_value=
ac_cv_env_LDFLAGS_set=
ac_cv_env_LDFLAGS_value=
ac_cv_env_LIBS_set=
ac_cv_env_LIBS_value=
ac_cv_env_build_alias_set=
ac_cv_env_build_alias_value=
ac_cv_env_host_alias_set=
ac_cv_env_host_alias_value=
ac_cv_env_target_alias_set=
ac_cv_env_target_alias_value=
ac_cv_header_dlfcn_h=yes
ac_cv_header_inttypes_h=yes
ac_cv_header_memory_h=yes
ac_cv_header_stdc=yes
ac_cv_header_stdint_h=yes
ac_cv_header_stdlib_h=yes
ac_cv_header_string_h=yes
ac_cv_header_strings_h=yes
ac_cv_header_sys_stat_h=yes
ac_cv_header_sys_types_h=yes
ac_cv_header_unistd_h=yes
ac_cv_host=x86_64-unknown-linux-gnu
ac_cv_lib_portaudio_Pa_GetHostApiCount=no
ac_cv_lib_portaudio_Pa_Initialize=no
ac_cv_objext=o
ac_cv_path_EGREP='/bin/grep -E'
ac_cv_path_FGREP='/bin/grep -F'
ac_cv_path_GREP=/bin/grep
ac_cv_path_SED=/bin/sed
ac_cv_path_install='/usr/bin/install -c'
ac_cv_path_mkdir=/bin/mkdir
ac_cv_prog_AWK=mawk
ac_cv_prog_CPP='gcc -E'
ac_cv_prog_CXXCPP='g++ -E'
ac_cv_prog_ac_ct_AR=ar
ac_cv_prog_ac_ct_CC=gcc
ac_cv_prog_ac_ct_CXX=g++
ac_cv_prog_ac_ct_MANIFEST_TOOL=mt
ac_cv_prog_ac_ct_OBJDUMP=objdump
ac_cv_prog_ac_ct_RANLIB=ranlib
ac_cv_prog_ac_ct_STRIP=strip
ac_cv_prog_cc_c89=
ac_cv_prog_cc_g=yes
ac_cv_prog_cxx_g=yes
ac_cv_prog_make_make_set=yes
am_cv_CC_dependencies_compiler_type=gcc3
am_cv_CXX_dependencies_compiler_type=gcc3
am_cv_make_support_nested_variables=yes
am_cv_prog_cc_c_o=yes
lt_cv_ar_at_file=@
lt_cv_archive_cmds_need_lc=no
lt_cv_deplibs_check_method=pass_all
lt_cv_file_magic_cmd='$MAGIC_CMD'
lt_cv_file_magic_test_file=
lt_cv_ld_reload_flag=-r
lt_cv_nm_interface='BSD nm'
lt_cv_objdir=.libs
lt_cv_path_LD=/usr/bin/ld
lt_cv_path_LDCXX='/usr/bin/ld -m elf_x86_64'
lt_cv_path_NM='/usr/bin/nm -B'
lt_cv_path_mainfest_tool=no
lt_cv_prog_compiler_c_o=yes
lt_cv_prog_compiler_c_o_CXX=yes
lt_cv_prog_compiler_pic='-fPIC -DPIC'
lt_cv_prog_compiler_pic_CXX='-fPIC -DPIC'
lt_cv_prog_compiler_pic_works=yes
lt_cv_prog_compiler_pic_works_CXX=yes
lt_cv_prog_compiler_rtti_exceptions=no
lt_cv_prog_compiler_static_works=yes
lt_cv_prog_compiler_static_works_CXX=yes
lt_cv_prog_gnu_ld=yes
lt_cv_prog_gnu_ldcxx=yes
lt_cv_sharedlib_from_linklib_cmd='printf %s\n'
lt_cv_shlibpath_overrides_runpath=no
lt_cv_sys_global_symbol_pipe='sed -n -e '\''s/^.*[	 ]\([ABCDGIRSTW][ABCDGIRSTW]*\)[	 ][	 ]*\([_A-Za-z][_A-Za-z0-9]*\)$/\1 \2 \2/p'\'' | sed '\''/ __gnu_lto/d'\'''
lt_cv_sys_global_symbol_to_c_name_address='sed -n -e '\''s/^: \([^ ]*\)[ ]*$/  {\"\1\", (void *) 0},/p'\'' -e '\''s/^[ABCDGIRSTW]* \([^ ]*\) \([^ ]*\)$/  {"\2", (void *) \&\2},/p'\'''
lt_cv_sys_global_symbol_to_c_name_address_lib_prefix='sed -n -e '\''s/^: \([^ ]*\)[ ]*$/  {\"\1\", (void *) 0},/p'\'' -e '\''s/^[ABCDGIRSTW]* \([^ ]*\) \(lib[^ ]*\)$/  {"\2", (void *) \&\2},/p'\'' -e '\''s/^[ABCDGIRSTW]* \([^ ]*\) \([^ ]*\)$/  {"lib\2", (void *) \&\2},/p'\'''
lt_cv_sys_global_symbol_to_cdecl='sed -n -e '\''s/^T .* \(.*\)$/extern int \1();/p'\'' -e '\''s/^[ABCDGIRSTW]* .* \(.*\)$/extern char \1;/p'\'''
lt_cv_sys_max_cmd_len=1572864
lt_cv_to_host_file_cmd=func_convert_file_noop
lt_cv_to_tool_file_cmd=func_convert_file_noop

## ----------------- ##
## Output variables. ##
## ----------------- ##

ACLOCAL='${SHELL} /home/euan/Documents/Speech_personality/speech_personality/openSMILE-2.1.0/missing aclocal-1.14'
AMDEPBACKSLASH='\'
AMDEP_FALSE='#'
AMDEP_TRUE=''
AMTAR='$${TAR-tar}'
AM_BACKSLASH='\'
AM_DEFAULT_V='$(AM_DEFAULT_VERBOSITY)'
AM_DEFAULT_VERBOSITY='1'
AM_V='$(V)'
ANDROID_LDFLAGS=''
AR='ar'
AUTOCONF='${SHELL} /home/euan/Documents/Speech_personality/speech_personality/openSMILE-2.1.0/missing autoconf'
AUTOHEADER='${SHELL} /home/euan/Documents/Speech_personality/speech_personality/openSMILE-2.1.0/missing autoheader'
AUTOMAKE='${SHELL} /home/euan/Documents/Speech_personality/speech_personality/openSMILE-2.1.0/missing automake-1.14'
AWK='mawk'
BUILD_SEMAINExtract_FALSE=''
BUILD_SEMAINExtract_TRUE='#'
BUILD_SMILErec_FALSE=''
BUILD_SMILErec_TRUE='#'
BUILD_SMILEsync_FALSE=''
BUILD_SMILEsync_TRUE='#'
BUILD_SMILExtract_FALSE='#'
BUILD_SMILExtract_TRUE=''
BUILD_audiorecorder_FALSE=''
BUILD_audiorecorder_TRUE='#'
BUILD_audiosplit_FALSE=''
BUILD_audiosplit_TRUE='#'
CC='gcc'
CCDEPMODE='depmode=gcc3'
CFLAGS='-g -O2'
CPP='gcc -E'
CPPFLAGS=''
CXX='g++'
CXXCPP='g++ -E'
CXXDEPMODE='depmode=gcc3'
CXXFLAGS='-g -O2'
CYGPATH_W='echo'
DEFS='-DHAVE_CONFIG_H'
DEPDIR='.deps'
DLIB='-ldl'
DLLTOOL='false'
DSYMUTIL=''
DUMPBIN=''
ECHO_C=''
ECHO_N='-n'
ECHO_T=''
EGREP='/bin/grep -E'
EXEEXT=''
FGREP='/bin/grep -F'
GREP='/bin/grep'
INSTALL_DATA='${INSTALL} -m 644'
INSTALL_PROGRAM='${INSTALL}'
INSTALL_SCRIPT='${INSTALL}'
INSTALL_STRIP_PROGRAM='$(install_sh) -c -s'
LD='/usr/bin/ld -m elf_x86_64'
LDFLAGS=''
LIBOBJS=''
LIBS=''
LIBTOOL='$(SHELL) $(top_builddir)/libtool'
LIPO=''
LN_S='ln -s'
LTLIBOBJS=''
MAKEINFO='${SHELL} /home/euan/Documents/Speech_personality/speech_personality/openSMILE-2.1.0/missing makeinfo'
MANIFEST_TOOL=':'
MKDIR_P='/bin/mkdir -p'
NM='/usr/bin/nm -B'
NMEDIT=''
OBJDUMP='objdump'
OBJEXT='o'
OPENCV_CPPFLAGS=''
OPENCV_LDFLAGS=''
OPENCV_ROOT='no'
OTOOL64=''
OTOOL=''
PACKAGE='opensmile'
PACKAGE_BUGREPORT=''
PACKAGE_NAME='openSMILE'
PACKAGE_STRING='openSMILE 2.0.0'
PACKAGE_TARNAME='opensmile'
PACKAGE_URL=''
PACKAGE_VERSION='2.0.0'
PATH_SEPARATOR=':'
PORTAUDIO_CPPFLAGS=''
PORTAUDIO_LDFLAGS=''
PORTAUDIO_ROOT='/usr'
PTHREAD_CC='gcc'
PTHREAD_CFLAGS=''
PTHREAD_LIBS='-lpthread'
RANLIB='ranlib'
RTNNLLIB_CFLAGS=''
RTNNLLIB_LIBS=''
RTNNLLIB_PREFIX=''
SED='/bin/sed'
SEMAINEAPI_CPPFLAGS=''
SEMAINEAPI_LDFLAGS=''
SEMAINEAPI_ROOT='/home/euan/Documents/Speech_personality'
SET_MAKE=''
SHELL='/bin/bash'
STRIP='strip'
VERSION='2.0.0'
ac_ct_AR='ar'
ac_ct_CC='gcc'
ac_ct_CXX='g++'
ac_ct_DUMPBIN=''
acx_pthread_config=''
am__EXEEXT_FALSE=''
am__EXEEXT_TRUE='#'
am__fastdepCC_FALSE='#'
am__fastdepCC_TRUE=''
am__fastdepCXX_FALSE='#'
am__fastdepCXX_TRUE=''
am__include='include'
am__isrc=''
am__leading_dot='.'
am__nodep='_no'
am__quote=''
am__tar='$${TAR-tar} chof - "$$tardir"'
am__untar='$${TAR-tar} xf -'
bindir='${exec_prefix}/bin'
build='x86_64-unknown-linux-gnu'
build_alias=''
build_cpu='x86_64'
build_os='linux-gnu'
build_vendor='unknown'
datadir='${datarootdir}'
datarootdir='${prefix}/share'
docdir='${datarootdir}/doc/${PACKAGE_TARNAME}'
dvidir='${docdir}'
exec_prefix='${prefix}'
host='x86_64-unknown-linux-gnu'
host_alias=''
host_cpu='x86_64'
host_os='linux-gnu'
host_vendor='unknown'
htmldir='${docdir}'
includedir='${prefix}/include'
infodir='${datarootdir}/info'
install_sh='${SHELL} /home/euan/Documents/Speech_personality/speech_personality/openSMILE-2.1.0/install-sh'
libdir='${exec_prefix}/lib'
libexecdir='${exec_prefix}/libexec'
localedir='${datarootdir}/locale'
localstatedir='${prefix}/var'
mandir='${datarootdir}/man'
mkdir_p='$(MKDIR_P)'
oldincludedir='/usr/include'
pdfdir='${docdir}'
prefix='/usr/local'
program_transform_name='s,x,x,'
psdir='${docdir}'
sbindir='${exec_prefix}/sbin'
sharedstatedir='${prefix}/com'
sysconfdir='${prefix}/etc'
target_alias=''

## ----------- ##
## confdefs.h. ##
## ----------- ##

/* confdefs.h */
#define PACKAGE_NAME "openSMILE"
#define PACKAGE_TARNAME "opensmile"
#define PACKAGE_VERSION "2.0.0"
#define PACKAGE_STRING "openSMILE 2.0.0"
#define PACKAGE_BUGREPORT ""
#define PACKAGE_URL ""
#define PACKAGE "opensmile"
#define VERSION "2.0.0"
#define STDC_HEADERS 1
#define HAVE_SYS_TYPES_H 1
#define HAVE_SYS_STAT_H 1
#define HAVE_STDLIB_H 1
#define HAVE_STRING_H 1
#define HAVE_MEMORY_H 1
#define HAVE_STRINGS_H 1
#define HAVE_INTTYPES_H 1
#define HAVE_STDINT_H 1
#define HAVE_UNISTD_H 1
#define HAVE_DLFCN_H 1
#define LT_OBJDIR ".libs/"
#define HAVE_PTHREAD 1
#define WITH_LIVEREC 1
#define HAVE_AUTOCONF 1

configure: exit 0
